<?xml version="1.0" encoding="UTF-8"?>
<testsuite xmlns:xsi="http://www.w3.org/2001/XMLSchema-instance" xsi:noNamespaceSchemaLocation="https://maven.apache.org/surefire/maven-surefire-plugin/xsd/surefire-test-report.xsd" version="3.0.2" name="com.example.Telsa.TelsaApplicationTests" time="20.188" tests="1" errors="0" skipped="0" failures="0" flakes="0">
  <properties>
[...]
</properties>
  <testcase name="contextLoads" classname="com.example.Telsa.TelsaApplicationTests" time="0.028">
    <system-out><![CDATA[18:33:30.246 [main] INFO org.springframework.test.context.support.AnnotationConfigContextLoaderUtils -- Could not detect default configuration classes for test class [com.example.Telsa.TelsaApplicationTests]: TelsaApplicationTests does not declare any static, non-private, non-final, nested classes annotated with @Configuration.
18:33:30.709 [main] INFO org.springframework.boot.test.context.SpringBootTestContextBootstrapper -- Found @SpringBootConfiguration com.example.Telsa.TelsaApplication for test class com.example.Telsa.TelsaApplicationTests
18:33:31.028 [main] INFO org.springframework.test.context.support.AnnotationConfigContextLoaderUtils -- Could not detect default configuration classes for test class [com.example.Telsa.TelsaApplicationTests]: TelsaApplicationTests does not declare any static, non-private, non-final, nested classes annotated with @Configuration.
18:33:31.041 [main] INFO org.springframework.boot.test.context.SpringBootTestContextBootstrapper -- Found @SpringBootConfiguration com.example.Telsa.TelsaApplication for test class com.example.Telsa.TelsaApplicationTests
18:33:31.259 [main] INFO org.springframework.boot.devtools.restart.RestartApplicationListener -- Restart disabled due to context in which it is running

  .   ____          _            __ _ _
 /\\ / ___'_ __ _ _(_)_ __  __ _ \ \ \ \
( ( )\___ | '_ | '_| | '_ \/ _` | \ \ \ \
 \\/  ___)| |_)| | | | | || (_| |  ) ) ) )
  '  |____| .__|_| |_|_| |_\__, | / / / /
 =========|_|==============|___/=/_/_/_/

 :: Spring Boot ::                (v4.0.4)

2026-04-15T18:33:31.944+01:00  WARN 21068 --- [           main] ory$DuplicateJsonObjectContextCustomizer : 

Found multiple occurrences of org.json.JSONObject on the class path:

	jar:file:/C:/Users/LENOVO/.m2/repository/org/json/json/20240303/json-20240303.jar!/org/json/JSONObject.class
	jar:file:/C:/Users/LENOVO/.m2/repository/com/vaadin/external/google/android-json/0.0.20131108.vaadin1/android-json-0.0.20131108.vaadin1.jar!/org/json/JSONObject.class

You may wish to exclude one of them to ensure predictable runtime behavior

2026-04-15T18:33:31.976+01:00  INFO 21068 --- [           main] c.example.Telsa.TelsaApplicationTests    : Starting TelsaApplicationTests using Java 25.0.2 with PID 21068 (started by LENOVO in C:\Users\LENOVO\Desktop\Telsa)
2026-04-15T18:33:31.977+01:00  INFO 21068 --- [           main] c.example.Telsa.TelsaApplicationTests    : The following 1 profile is active: "test"
2026-04-15T18:33:36.248+01:00  INFO 21068 --- [           main] .s.d.r.c.RepositoryConfigurationDelegate : Bootstrapping Spring Data JPA repositories in DEFAULT mode.
2026-04-15T18:33:36.832+01:00  INFO 21068 --- [           main] .s.d.r.c.RepositoryConfigurationDelegate : Finished Spring Data repository scanning in 551 ms. Found 4 JPA repository interfaces.
2026-04-15T18:33:38.815+01:00  INFO 21068 --- [           main] org.hibernate.orm.jpa                    : HHH008540: Processing PersistenceUnitInfo [name: default]
2026-04-15T18:33:39.040+01:00  INFO 21068 --- [           main] org.hibernate.orm.core                   : HHH000001: Hibernate ORM core version 7.2.7.Final
2026-04-15T18:33:40.149+01:00  INFO 21068 --- [           main] o.s.o.j.p.SpringPersistenceUnitInfo      : No LoadTimeWeaver setup: ignoring JPA class transformer
2026-04-15T18:33:40.225+01:00  INFO 21068 --- [           main] com.zaxxer.hikari.HikariDataSource       : HikariPool-1 - Starting...
2026-04-15T18:33:40.730+01:00  INFO 21068 --- [           main] com.zaxxer.hikari.pool.HikariPool        : HikariPool-1 - Added connection conn0: url=jdbc:h2:mem:telsa_test user=SA
2026-04-15T18:33:40.735+01:00  INFO 21068 --- [           main] com.zaxxer.hikari.HikariDataSource       : HikariPool-1 - Start completed.
2026-04-15T18:33:40.814+01:00  WARN 21068 --- [           main] org.hibernate.orm.deprecation            : HHH90000025: H2Dialect does not need to be specified explicitly using 'hibernate.dialect' (remove the property setting and it will be selected by default)
2026-04-15T18:33:40.896+01:00  INFO 21068 --- [           main] org.hibernate.orm.connections.pooling    : HHH10001005: Database info:
	Database JDBC URL [jdbc:h2:mem:telsa_test]
	Database driver: H2 JDBC Driver
	Database dialect: H2Dialect
	Database version: 2.4.240
	Default catalog/schema: TELSA_TEST/PUBLIC
	Autocommit mode: undefined/unknown
	Isolation level: READ_COMMITTED [default READ_COMMITTED]
	JDBC fetch size: 100
	Pool: DataSourceConnectionProvider
	Minimum pool size: undefined/unknown
	Maximum pool size: undefined/unknown
2026-04-15T18:33:42.420+01:00  INFO 21068 --- [           main] org.hibernate.orm.core                   : HHH000489: No JTA platform available (set 'hibernate.transaction.jta.platform' to enable JTA platform integration)
2026-04-15T18:33:42.555+01:00  INFO 21068 --- [           main] j.LocalContainerEntityManagerFactoryBean : Initialized JPA EntityManagerFactory for persistence unit 'default'
2026-04-15T18:33:42.769+01:00  INFO 21068 --- [           main] o.s.d.j.r.query.QueryEnhancerFactories   : Hibernate is in classpath; If applicable, HQL parser will be used.
2026-04-15T18:33:45.700+01:00  WARN 21068 --- [           main] JpaBaseConfiguration$JpaWebConfiguration : spring.jpa.open-in-view is enabled by default. Therefore, database queries may be performed during view rendering. Explicitly configure spring.jpa.open-in-view to disable this warning
2026-04-15T18:33:46.177+01:00  WARN 21068 --- [           main] .s.a.UserDetailsServiceAutoConfiguration : 

Using generated security password: 591c5503-1bc1-472b-acb7-dfaa2665a70e

This generated password is for development use only. Your security configuration must be updated before running your application in production.

2026-04-15T18:33:46.219+01:00  INFO 21068 --- [           main] r$InitializeUserDetailsManagerConfigurer : Global AuthenticationManager configured with UserDetailsService bean with name inMemoryUserDetailsManager
2026-04-15T18:33:48.762+01:00  INFO 21068 --- [           main] .w.s.a.s.AnnotationActionEndpointMapping : Supporting [WS-Addressing August 2004, WS-Addressing 1.0]
2026-04-15T18:33:48.818+01:00  INFO 21068 --- [           main] o.s.b.a.e.web.EndpointLinksResolver      : Exposing 1 endpoint beneath base path '/actuator'
2026-04-15T18:33:49.052+01:00  INFO 21068 --- [           main] c.example.Telsa.TelsaApplicationTests    : Started TelsaApplicationTests in 17.817 seconds (process running for 23.764)
2026-04-15T18:33:49.901+01:00  WARN 21068 --- [           main] o.s.core.events.SpringDocAppInitializer  : SpringDoc /v3/api-docs endpoint is enabled by default. To disable it in production, set the property 'springdoc.api-docs.enabled=false'
2026-04-15T18:33:49.901+01:00  WARN 21068 --- [           main] o.s.core.events.SpringDocAppInitializer  : SpringDoc /swagger-ui.html endpoint is enabled by default. To disable it in production, set the property 'springdoc.swagger-ui.enabled=false'
]]></system-out>
  </testcase>
</testsuite>